<?xml version="1.0" encoding="utf-8"?><testsuites><testsuite name="pytest" errors="0" failures="0" skipped="0" tests="4" time="21.645" timestamp="2023-09-14T00:40:45.868964" hostname="david-pc"><testcase classname="tests.model.test_model.TestModel" name="test_model_fit" time="4.408" /><testcase classname="tests.model.test_model.TestModel" name="test_model_predict" time="5.809" /><testcase classname="tests.model.test_model.TestModel" name="test_model_preprocess_for_serving" time="5.714" /><testcase classname="tests.model.test_model.TestModel" name="test_model_preprocess_for_training" time="3.944" /></testsuite></testsuites>